<?xml version="1.0" encoding="UTF-8"?>
<testng-results ignored="0" total="1" passed="1" failed="0" skipped="0">
  <reporter-output>
  </reporter-output>
  <suite started-at="2021-10-10T00:54:40Z" name="Default suite" finished-at="2021-10-10T00:54:43Z" duration-ms="3780">
    <groups>
    </groups>
    <test started-at="2021-10-10T00:54:40Z" name="Default test" finished-at="2021-10-10T00:54:43Z" duration-ms="3780">
      <class name="Tests.LoginTest">
        <test-method is-config="true" signature="SetUp()[pri:0, instance:Tests.LoginTest@176b75f7]" started-at="2021-10-10T00:54:40Z" name="SetUp" finished-at="2021-10-10T00:54:40Z" duration-ms="598" status="PASS">
          <reporter-output>
          </reporter-output>
        </test-method> <!-- SetUp -->
        <test-method signature="VerifyThatTheSystemHandlesInvalidCredentials()[pri:0, instance:Tests.LoginTest@176b75f7]" started-at="2021-10-10T00:54:40Z" name="VerifyThatTheSystemHandlesInvalidCredentials" finished-at="2021-10-10T00:54:43Z" duration-ms="2840" status="PASS">
          <reporter-output>
          </reporter-output>
        </test-method> <!-- VerifyThatTheSystemHandlesInvalidCredentials -->
        <test-method is-config="true" signature="TearDown()[pri:0, instance:Tests.LoginTest@176b75f7]" started-at="2021-10-10T00:54:43Z" name="TearDown" finished-at="2021-10-10T00:54:43Z" duration-ms="328" status="PASS">
          <reporter-output>
          </reporter-output>
        </test-method> <!-- TearDown -->
      </class> <!-- Tests.LoginTest -->
    </test> <!-- Default test -->
  </suite> <!-- Default suite -->
</testng-results>
